<?xml version="1.0" encoding="UTF-8"?>
<!-- Generated by org.testng.reporters.JUnitXMLReporter -->
<testsuite hostname="DESKTOP-83F161J" failures="0" tests="11" name="SingleTest" time="33.897" errors="0" timestamp="11 Sep 2018 13:38:13 GMT">
  <testcase classname="com.browserstack.SingleTest" name="test" time="3.02"/>
  <testcase classname="com.browserstack.suite.SuiteTest01" name="test_01" time="2.995"/>
  <testcase classname="com.browserstack.suite.SuiteTest02" name="test_02" time="3.085"/>
  <testcase classname="com.browserstack.suite.SuiteTest03" name="test_03" time="2.87"/>
  <testcase classname="com.browserstack.suite.SuiteTest04" name="test_04" time="2.7"/>
  <testcase classname="com.browserstack.suite.SuiteTest05" name="test_05" time="2.738"/>
  <testcase classname="com.browserstack.suite.SuiteTest06" name="test_06" time="2.695"/>
  <testcase classname="com.browserstack.suite.SuiteTest07" name="test_07" time="2.542"/>
  <testcase classname="com.browserstack.suite.SuiteTest08" name="test_08" time="2.668"/>
  <testcase classname="com.browserstack.suite.SuiteTest09" name="test_09" time="2.577"/>
  <testcase classname="com.browserstack.suite.SuiteTest10" name="test_10" time="2.508"/>
</testsuite> <!-- SingleTest -->
